InnoDB: using atomic writes.
2020-04-26 23:30:18 0 [Note] InnoDB: Mutexes and rw_locks use Windows interlocked functions
2020-04-26 23:30:18 0 [Note] InnoDB: Uses event mutexes
2020-04-26 23:30:18 0 [Note] InnoDB: Compressed tables use zlib 1.2.11
2020-04-26 23:30:18 0 [Note] InnoDB: Number of pools: 1
2020-04-26 23:30:18 0 [Note] InnoDB: Using SSE2 crc32 instructions
2020-04-26 23:30:18 0 [Note] InnoDB: Initializing buffer pool, total size = 16M, instances = 1, chunk size = 16M
2020-04-26 23:30:18 0 [Note] InnoDB: Completed initialization of buffer pool
2020-04-26 23:30:18 0 [Note] InnoDB: Starting crash recovery from checkpoint LSN=300288
2020-04-26 23:30:19 0 [Note] InnoDB: 128 out of 128 rollback segments are active.
2020-04-26 23:30:19 0 [Note] InnoDB: Removed temporary tablespace data file: "ibtmp1"
2020-04-26 23:30:19 0 [Note] InnoDB: Creating shared tablespace for temporary tables
2020-04-26 23:30:19 0 [Note] InnoDB: Setting file 'C:\Users\Pepus Perez Flores\Documents\DAW_A01701248\A01701248_PHP\mysql\data\ibtmp1' size to 12 MB. Physically writing the file full; Please wait ...
2020-04-26 23:30:19 0 [Note] InnoDB: File 'C:\Users\Pepus Perez Flores\Documents\DAW_A01701248\A01701248_PHP\mysql\data\ibtmp1' size is now 12 MB.
2020-04-26 23:30:19 0 [Note] InnoDB: 10.4.11 started; log sequence number 300297; transaction id 171
2020-04-26 23:30:19 0 [Note] InnoDB: Loading buffer pool(s) from C:\Users\Pepus Perez Flores\Documents\DAW_A01701248\A01701248_PHP\mysql\data\ib_buffer_pool
2020-04-26 23:30:19 0 [Note] Plugin 'FEEDBACK' is disabled.
2020-04-26 23:30:19 0 [Note] Server socket created on IP: '::'.
InnoDB: using atomic writes.
2020-05-04 21:20:18 0 [Note] InnoDB: Mutexes and rw_locks use Windows interlocked functions
2020-05-04 21:20:18 0 [Note] InnoDB: Uses event mutexes
2020-05-04 21:20:18 0 [Note] InnoDB: Compressed tables use zlib 1.2.11
2020-05-04 21:20:18 0 [Note] InnoDB: Number of pools: 1
2020-05-04 21:20:18 0 [Note] InnoDB: Using SSE2 crc32 instructions
2020-05-04 21:20:18 0 [Note] InnoDB: Initializing buffer pool, total size = 16M, instances = 1, chunk size = 16M
2020-05-04 21:20:18 0 [Note] InnoDB: Completed initialization of buffer pool
2020-05-04 21:20:18 0 [Note] InnoDB: Starting crash recovery from checkpoint LSN=302009
2020-05-04 21:20:18 0 [Note] InnoDB: 128 out of 128 rollback segments are active.
2020-05-04 21:20:18 0 [Note] InnoDB: Removed temporary tablespace data file: "ibtmp1"
2020-05-04 21:20:18 0 [Note] InnoDB: Creating shared tablespace for temporary tables
2020-05-04 21:20:18 0 [Note] InnoDB: Setting file 'C:\Users\Pepus Perez Flores\Documents\DAW_A01701248\A01701248_PHP\mysql\data\ibtmp1' size to 12 MB. Physically writing the file full; Please wait ...
2020-05-04 21:20:18 0 [Note] InnoDB: File 'C:\Users\Pepus Perez Flores\Documents\DAW_A01701248\A01701248_PHP\mysql\data\ibtmp1' size is now 12 MB.
2020-05-04 21:20:18 0 [Note] InnoDB: 10.4.11 started; log sequence number 302018; transaction id 203
2020-05-04 21:20:18 0 [Note] InnoDB: Loading buffer pool(s) from C:\Users\Pepus Perez Flores\Documents\DAW_A01701248\A01701248_PHP\mysql\data\ib_buffer_pool
2020-05-04 21:20:18 0 [Note] Plugin 'FEEDBACK' is disabled.
2020-05-04 21:20:18 0 [Note] Server socket created on IP: '::'.
InnoDB: using atomic writes.
2020-05-05 17:07:04 0 [Note] InnoDB: Mutexes and rw_locks use Windows interlocked functions
2020-05-05 17:07:04 0 [Note] InnoDB: Uses event mutexes
2020-05-05 17:07:04 0 [Note] InnoDB: Compressed tables use zlib 1.2.11
2020-05-05 17:07:04 0 [Note] InnoDB: Number of pools: 1
2020-05-05 17:07:04 0 [Note] InnoDB: Using SSE2 crc32 instructions
2020-05-05 17:07:04 0 [Note] InnoDB: Initializing buffer pool, total size = 16M, instances = 1, chunk size = 16M
2020-05-05 17:07:04 0 [Note] InnoDB: Completed initialization of buffer pool
2020-05-05 17:07:04 0 [Note] InnoDB: Starting crash recovery from checkpoint LSN=303010
2020-05-05 17:07:04 0 [Note] InnoDB: 128 out of 128 rollback segments are active.
2020-05-05 17:07:04 0 [Note] InnoDB: Removed temporary tablespace data file: "ibtmp1"
2020-05-05 17:07:04 0 [Note] InnoDB: Creating shared tablespace for temporary tables
2020-05-05 17:07:04 0 [Note] InnoDB: Setting file 'C:\Users\Pepus Perez Flores\Documents\DAW_A01701248\A01701248_PHP\mysql\data\ibtmp1' size to 12 MB. Physically writing the file full; Please wait ...
2020-05-05 17:07:04 0 [Note] InnoDB: File 'C:\Users\Pepus Perez Flores\Documents\DAW_A01701248\A01701248_PHP\mysql\data\ibtmp1' size is now 12 MB.
2020-05-05 17:07:04 0 [Note] InnoDB: Waiting for purge to start
2020-05-05 17:07:04 0 [Note] InnoDB: 10.4.11 started; log sequence number 303019; transaction id 231
2020-05-05 17:07:04 0 [Note] InnoDB: Loading buffer pool(s) from C:\Users\Pepus Perez Flores\Documents\DAW_A01701248\A01701248_PHP\mysql\data\ib_buffer_pool
2020-05-05 17:07:04 0 [Note] Plugin 'FEEDBACK' is disabled.
2020-05-05 17:07:04 0 [Note] InnoDB: Buffer pool(s) load completed at 200505 17:07:04
2020-05-05 17:07:04 0 [Note] Server socket created on IP: '::'.
InnoDB: using atomic writes.
2020-05-06 10:03:58 0 [Note] InnoDB: Mutexes and rw_locks use Windows interlocked functions
2020-05-06 10:03:58 0 [Note] InnoDB: Uses event mutexes
2020-05-06 10:03:58 0 [Note] InnoDB: Compressed tables use zlib 1.2.11
2020-05-06 10:03:58 0 [Note] InnoDB: Number of pools: 1
2020-05-06 10:03:58 0 [Note] InnoDB: Using SSE2 crc32 instructions
2020-05-06 10:03:58 0 [Note] InnoDB: Initializing buffer pool, total size = 16M, instances = 1, chunk size = 16M
2020-05-06 10:03:58 0 [Note] InnoDB: Completed initialization of buffer pool
2020-05-06 10:03:58 0 [Note] InnoDB: Starting crash recovery from checkpoint LSN=885675
2020-05-06 10:03:58 0 [Note] InnoDB: 128 out of 128 rollback segments are active.
2020-05-06 10:03:58 0 [Note] InnoDB: Removed temporary tablespace data file: "ibtmp1"
2020-05-06 10:03:58 0 [Note] InnoDB: Creating shared tablespace for temporary tables
2020-05-06 10:03:58 0 [Note] InnoDB: Setting file 'C:\Users\Pepus Perez Flores\Documents\DAW_A01701248\A01701248_PHP\mysql\data\ibtmp1' size to 12 MB. Physically writing the file full; Please wait ...
2020-05-06 10:03:58 0 [Note] InnoDB: File 'C:\Users\Pepus Perez Flores\Documents\DAW_A01701248\A01701248_PHP\mysql\data\ibtmp1' size is now 12 MB.
2020-05-06 10:03:58 0 [Note] InnoDB: Waiting for purge to start
2020-05-06 10:03:58 0 [Note] InnoDB: 10.4.11 started; log sequence number 885684; transaction id 827
2020-05-06 10:03:58 0 [Note] InnoDB: Loading buffer pool(s) from C:\Users\Pepus Perez Flores\Documents\DAW_A01701248\A01701248_PHP\mysql\data\ib_buffer_pool
2020-05-06 10:03:58 0 [Note] Plugin 'FEEDBACK' is disabled.
2020-05-06 10:03:58 0 [Note] Server socket created on IP: '::'.
InnoDB: using atomic writes.
2020-05-06 10:57:56 0 [Note] InnoDB: Mutexes and rw_locks use Windows interlocked functions
2020-05-06 10:57:56 0 [Note] InnoDB: Uses event mutexes
2020-05-06 10:57:56 0 [Note] InnoDB: Compressed tables use zlib 1.2.11
2020-05-06 10:57:56 0 [Note] InnoDB: Number of pools: 1
2020-05-06 10:57:56 0 [Note] InnoDB: Using SSE2 crc32 instructions
2020-05-06 10:57:56 0 [Note] InnoDB: Initializing buffer pool, total size = 16M, instances = 1, chunk size = 16M
2020-05-06 10:57:56 0 [Note] InnoDB: Completed initialization of buffer pool
2020-05-06 10:57:56 0 [Note] InnoDB: Starting crash recovery from checkpoint LSN=1447173
2020-05-06 10:57:56 0 [Note] InnoDB: 128 out of 128 rollback segments are active.
2020-05-06 10:57:56 0 [Note] InnoDB: Removed temporary tablespace data file: "ibtmp1"
2020-05-06 10:57:56 0 [Note] InnoDB: Creating shared tablespace for temporary tables
2020-05-06 10:57:56 0 [Note] InnoDB: Setting file 'C:\Users\Pepus Perez Flores\Documents\DAW_A01701248\A01701248_PHP\mysql\data\ibtmp1' size to 12 MB. Physically writing the file full; Please wait ...
2020-05-06 10:57:56 0 [Note] InnoDB: File 'C:\Users\Pepus Perez Flores\Documents\DAW_A01701248\A01701248_PHP\mysql\data\ibtmp1' size is now 12 MB.
2020-05-06 10:57:56 0 [Note] InnoDB: 10.4.11 started; log sequence number 1447182; transaction id 1068
2020-05-06 10:57:56 0 [Note] InnoDB: Loading buffer pool(s) from C:\Users\Pepus Perez Flores\Documents\DAW_A01701248\A01701248_PHP\mysql\data\ib_buffer_pool
2020-05-06 10:57:56 0 [Note] Plugin 'FEEDBACK' is disabled.
2020-05-06 10:57:56 0 [Note] Server socket created on IP: '::'.
2020-05-07 17:48:34 0 [Note] mysqld.exe: Aria engine: starting recovery
recovered pages: 0% 10% 21% 31% 41% 51% 62% 72% 82% 92% 100% (0.0 seconds); tables to flush: 1 0
 (0.0 seconds); 
2020-05-07 17:48:34 0 [Note] mysqld.exe: Aria engine: recovery done
InnoDB: using atomic writes.
2020-05-07 17:48:34 0 [Note] InnoDB: Mutexes and rw_locks use Windows interlocked functions
2020-05-07 17:48:34 0 [Note] InnoDB: Uses event mutexes
2020-05-07 17:48:34 0 [Note] InnoDB: Compressed tables use zlib 1.2.11
2020-05-07 17:48:34 0 [Note] InnoDB: Number of pools: 1
2020-05-07 17:48:34 0 [Note] InnoDB: Using SSE2 crc32 instructions
2020-05-07 17:48:34 0 [Note] InnoDB: Initializing buffer pool, total size = 16M, instances = 1, chunk size = 16M
2020-05-07 17:48:34 0 [Note] InnoDB: Completed initialization of buffer pool
2020-05-07 17:48:34 0 [Note] InnoDB: Starting crash recovery from checkpoint LSN=1532907
2020-05-07 17:48:34 0 [Note] InnoDB: 128 out of 128 rollback segments are active.
2020-05-07 17:48:35 0 [Note] InnoDB: Removed temporary tablespace data file: "ibtmp1"
2020-05-07 17:48:35 0 [Note] InnoDB: Creating shared tablespace for temporary tables
2020-05-07 17:48:35 0 [Note] InnoDB: Setting file 'C:\Users\Pepus Perez Flores\Documents\DAW_A01701248\A01701248_PHP\mysql\data\ibtmp1' size to 12 MB. Physically writing the file full; Please wait ...
2020-05-07 17:48:35 0 [Note] InnoDB: File 'C:\Users\Pepus Perez Flores\Documents\DAW_A01701248\A01701248_PHP\mysql\data\ibtmp1' size is now 12 MB.
2020-05-07 17:48:35 0 [Note] InnoDB: 10.4.11 started; log sequence number 1532916; transaction id 1103
2020-05-07 17:48:35 0 [Note] InnoDB: Loading buffer pool(s) from C:\Users\Pepus Perez Flores\Documents\DAW_A01701248\A01701248_PHP\mysql\data\ib_buffer_pool
2020-05-07 17:48:35 0 [Note] InnoDB: Buffer pool(s) load completed at 200507 17:48:35
2020-05-07 17:48:35 0 [Note] Plugin 'FEEDBACK' is disabled.
2020-05-07 17:48:35 0 [Note] Server socket created on IP: '::'.
InnoDB: using atomic writes.
2020-05-08 11:43:25 0 [Note] InnoDB: Mutexes and rw_locks use Windows interlocked functions
2020-05-08 11:43:25 0 [Note] InnoDB: Uses event mutexes
2020-05-08 11:43:25 0 [Note] InnoDB: Compressed tables use zlib 1.2.11
2020-05-08 11:43:25 0 [Note] InnoDB: Number of pools: 1
2020-05-08 11:43:25 0 [Note] InnoDB: Using SSE2 crc32 instructions
2020-05-08 11:43:25 0 [Note] InnoDB: Initializing buffer pool, total size = 16M, instances = 1, chunk size = 16M
2020-05-08 11:43:25 0 [Note] InnoDB: Completed initialization of buffer pool
2020-05-08 11:43:25 0 [Note] InnoDB: Starting crash recovery from checkpoint LSN=1532941
2020-05-08 11:43:26 0 [Note] InnoDB: 128 out of 128 rollback segments are active.
2020-05-08 11:43:26 0 [Note] InnoDB: Removed temporary tablespace data file: "ibtmp1"
2020-05-08 11:43:26 0 [Note] InnoDB: Creating shared tablespace for temporary tables
2020-05-08 11:43:26 0 [Note] InnoDB: Setting file 'C:\Users\Pepus Perez Flores\Documents\DAW_A01701248\A01701248_PHP\mysql\data\ibtmp1' size to 12 MB. Physically writing the file full; Please wait ...
2020-05-08 11:43:26 0 [Note] InnoDB: File 'C:\Users\Pepus Perez Flores\Documents\DAW_A01701248\A01701248_PHP\mysql\data\ibtmp1' size is now 12 MB.
2020-05-08 11:43:26 0 [Note] InnoDB: 10.4.11 started; log sequence number 1532950; transaction id 1103
2020-05-08 11:43:26 0 [Note] InnoDB: Loading buffer pool(s) from C:\Users\Pepus Perez Flores\Documents\DAW_A01701248\A01701248_PHP\mysql\data\ib_buffer_pool
2020-05-08 11:43:26 0 [Note] InnoDB: Buffer pool(s) load completed at 200508 11:43:26
2020-05-08 11:43:26 0 [Note] Plugin 'FEEDBACK' is disabled.
2020-05-08 11:43:26 0 [Note] Server socket created on IP: '::'.
InnoDB: using atomic writes.
2020-05-11 22:02:55 0 [Note] InnoDB: Mutexes and rw_locks use Windows interlocked functions
2020-05-11 22:02:55 0 [Note] InnoDB: Uses event mutexes
2020-05-11 22:02:55 0 [Note] InnoDB: Compressed tables use zlib 1.2.11
2020-05-11 22:02:55 0 [Note] InnoDB: Number of pools: 1
2020-05-11 22:02:55 0 [Note] InnoDB: Using SSE2 crc32 instructions
2020-05-11 22:02:55 0 [Note] InnoDB: Initializing buffer pool, total size = 16M, instances = 1, chunk size = 16M
2020-05-11 22:02:55 0 [Note] InnoDB: Completed initialization of buffer pool
2020-05-11 22:02:55 0 [Note] InnoDB: Starting crash recovery from checkpoint LSN=1532959
2020-05-11 22:02:55 0 [Note] InnoDB: 128 out of 128 rollback segments are active.
2020-05-11 22:02:55 0 [Note] InnoDB: Removed temporary tablespace data file: "ibtmp1"
2020-05-11 22:02:55 0 [Note] InnoDB: Creating shared tablespace for temporary tables
2020-05-11 22:02:55 0 [Note] InnoDB: Setting file 'C:\Users\Pepus Perez Flores\Documents\DAW_A01701248\A01701248_PHP\mysql\data\ibtmp1' size to 12 MB. Physically writing the file full; Please wait ...
2020-05-11 22:02:55 0 [Note] InnoDB: File 'C:\Users\Pepus Perez Flores\Documents\DAW_A01701248\A01701248_PHP\mysql\data\ibtmp1' size is now 12 MB.
2020-05-11 22:02:55 0 [Note] InnoDB: 10.4.11 started; log sequence number 1532968; transaction id 1103
2020-05-11 22:02:55 0 [Note] InnoDB: Loading buffer pool(s) from C:\Users\Pepus Perez Flores\Documents\DAW_A01701248\A01701248_PHP\mysql\data\ib_buffer_pool
2020-05-11 22:02:55 0 [Note] InnoDB: Buffer pool(s) load completed at 200511 22:02:55
2020-05-11 22:02:55 0 [Note] Plugin 'FEEDBACK' is disabled.
2020-05-11 22:02:55 0 [Note] Server socket created on IP: '::'.
InnoDB: using atomic writes.
2020-05-12 10:45:27 0 [Note] InnoDB: Mutexes and rw_locks use Windows interlocked functions
2020-05-12 10:45:27 0 [Note] InnoDB: Uses event mutexes
2020-05-12 10:45:27 0 [Note] InnoDB: Compressed tables use zlib 1.2.11
2020-05-12 10:45:27 0 [Note] InnoDB: Number of pools: 1
2020-05-12 10:45:27 0 [Note] InnoDB: Using SSE2 crc32 instructions
2020-05-12 10:45:27 0 [Note] InnoDB: Initializing buffer pool, total size = 16M, instances = 1, chunk size = 16M
2020-05-12 10:45:27 0 [Note] InnoDB: Completed initialization of buffer pool
2020-05-12 10:45:28 0 [Note] InnoDB: Starting crash recovery from checkpoint LSN=1532977
2020-05-12 10:45:28 0 [Note] InnoDB: 128 out of 128 rollback segments are active.
2020-05-12 10:45:28 0 [Note] InnoDB: Removed temporary tablespace data file: "ibtmp1"
2020-05-12 10:45:28 0 [Note] InnoDB: Creating shared tablespace for temporary tables
2020-05-12 10:45:28 0 [Note] InnoDB: Setting file 'C:\Users\Pepus Perez Flores\Documents\DAW_A01701248\A01701248_PHP\mysql\data\ibtmp1' size to 12 MB. Physically writing the file full; Please wait ...
2020-05-12 10:45:28 0 [Note] InnoDB: File 'C:\Users\Pepus Perez Flores\Documents\DAW_A01701248\A01701248_PHP\mysql\data\ibtmp1' size is now 12 MB.
2020-05-12 10:45:28 0 [Note] InnoDB: 10.4.11 started; log sequence number 1532986; transaction id 1103
2020-05-12 10:45:28 0 [Note] InnoDB: Loading buffer pool(s) from C:\Users\Pepus Perez Flores\Documents\DAW_A01701248\A01701248_PHP\mysql\data\ib_buffer_pool
2020-05-12 10:45:28 0 [Note] InnoDB: Buffer pool(s) load completed at 200512 10:45:28
2020-05-12 10:45:28 0 [Note] Plugin 'FEEDBACK' is disabled.
2020-05-12 10:45:28 0 [Note] Server socket created on IP: '::'.
InnoDB: using atomic writes.
2020-05-14 10:27:19 0 [Note] InnoDB: Mutexes and rw_locks use Windows interlocked functions
2020-05-14 10:27:19 0 [Note] InnoDB: Uses event mutexes
2020-05-14 10:27:19 0 [Note] InnoDB: Compressed tables use zlib 1.2.11
2020-05-14 10:27:19 0 [Note] InnoDB: Number of pools: 1
2020-05-14 10:27:19 0 [Note] InnoDB: Using SSE2 crc32 instructions
2020-05-14 10:27:19 0 [Note] InnoDB: Initializing buffer pool, total size = 16M, instances = 1, chunk size = 16M
2020-05-14 10:27:19 0 [Note] InnoDB: Completed initialization of buffer pool
2020-05-14 10:27:19 0 [Note] InnoDB: Starting crash recovery from checkpoint LSN=1532995
2020-05-14 10:27:20 0 [Note] InnoDB: 128 out of 128 rollback segments are active.
2020-05-14 10:27:20 0 [Note] InnoDB: Removed temporary tablespace data file: "ibtmp1"
2020-05-14 10:27:20 0 [Note] InnoDB: Creating shared tablespace for temporary tables
2020-05-14 10:27:20 0 [Note] InnoDB: Setting file 'C:\Users\Pepus Perez Flores\Documents\DAW_A01701248\A01701248_PHP\mysql\data\ibtmp1' size to 12 MB. Physically writing the file full; Please wait ...
2020-05-14 10:27:20 0 [Note] InnoDB: File 'C:\Users\Pepus Perez Flores\Documents\DAW_A01701248\A01701248_PHP\mysql\data\ibtmp1' size is now 12 MB.
2020-05-14 10:27:20 0 [Note] InnoDB: 10.4.11 started; log sequence number 1533004; transaction id 1103
2020-05-14 10:27:20 0 [Note] InnoDB: Loading buffer pool(s) from C:\Users\Pepus Perez Flores\Documents\DAW_A01701248\A01701248_PHP\mysql\data\ib_buffer_pool
2020-05-14 10:27:20 0 [Note] InnoDB: Buffer pool(s) load completed at 200514 10:27:20
2020-05-14 10:27:20 0 [Note] Plugin 'FEEDBACK' is disabled.
2020-05-14 10:27:20 0 [Note] Server socket created on IP: '::'.
InnoDB: using atomic writes.
2020-05-14 19:06:07 0 [Note] InnoDB: Mutexes and rw_locks use Windows interlocked functions
2020-05-14 19:06:07 0 [Note] InnoDB: Uses event mutexes
2020-05-14 19:06:07 0 [Note] InnoDB: Compressed tables use zlib 1.2.11
2020-05-14 19:06:07 0 [Note] InnoDB: Number of pools: 1
2020-05-14 19:06:07 0 [Note] InnoDB: Using SSE2 crc32 instructions
2020-05-14 19:06:07 0 [Note] InnoDB: Initializing buffer pool, total size = 16M, instances = 1, chunk size = 16M
2020-05-14 19:06:07 0 [Note] InnoDB: Completed initialization of buffer pool
2020-05-14 19:06:07 0 [Note] InnoDB: Starting crash recovery from checkpoint LSN=1533013
2020-05-14 19:06:08 0 [Note] InnoDB: 128 out of 128 rollback segments are active.
2020-05-14 19:06:08 0 [Note] InnoDB: Removed temporary tablespace data file: "ibtmp1"
2020-05-14 19:06:08 0 [Note] InnoDB: Creating shared tablespace for temporary tables
2020-05-14 19:06:08 0 [Note] InnoDB: Setting file 'C:\Users\Pepus Perez Flores\Documents\DAW_A01701248\A01701248_PHP\mysql\data\ibtmp1' size to 12 MB. Physically writing the file full; Please wait ...
2020-05-14 19:06:08 0 [Note] InnoDB: File 'C:\Users\Pepus Perez Flores\Documents\DAW_A01701248\A01701248_PHP\mysql\data\ibtmp1' size is now 12 MB.
2020-05-14 19:06:08 0 [Note] InnoDB: 10.4.11 started; log sequence number 1533022; transaction id 1103
2020-05-14 19:06:08 0 [Note] InnoDB: Loading buffer pool(s) from C:\Users\Pepus Perez Flores\Documents\DAW_A01701248\A01701248_PHP\mysql\data\ib_buffer_pool
2020-05-14 19:06:08 0 [Note] InnoDB: Buffer pool(s) load completed at 200514 19:06:08
2020-05-14 19:06:08 0 [Note] Plugin 'FEEDBACK' is disabled.
2020-05-14 19:06:08 0 [Note] Server socket created on IP: '::'.
InnoDB: using atomic writes.
2020-05-14 20:37:32 0 [Note] InnoDB: Mutexes and rw_locks use Windows interlocked functions
2020-05-14 20:37:32 0 [Note] InnoDB: Uses event mutexes
2020-05-14 20:37:32 0 [Note] InnoDB: Compressed tables use zlib 1.2.11
2020-05-14 20:37:32 0 [Note] InnoDB: Number of pools: 1
2020-05-14 20:37:32 0 [Note] InnoDB: Using SSE2 crc32 instructions
2020-05-14 20:37:32 0 [Note] InnoDB: Initializing buffer pool, total size = 16M, instances = 1, chunk size = 16M
2020-05-14 20:37:32 0 [Note] InnoDB: Completed initialization of buffer pool
2020-05-14 20:37:32 0 [Note] InnoDB: Starting crash recovery from checkpoint LSN=1533031
2020-05-14 20:37:32 0 [Note] InnoDB: 128 out of 128 rollback segments are active.
2020-05-14 20:37:32 0 [Note] InnoDB: Removed temporary tablespace data file: "ibtmp1"
2020-05-14 20:37:32 0 [Note] InnoDB: Creating shared tablespace for temporary tables
2020-05-14 20:37:32 0 [Note] InnoDB: Setting file 'C:\Users\Pepus Perez Flores\Documents\DAW_A01701248\A01701248_PHP\mysql\data\ibtmp1' size to 12 MB. Physically writing the file full; Please wait ...
2020-05-14 20:37:32 0 [Note] InnoDB: File 'C:\Users\Pepus Perez Flores\Documents\DAW_A01701248\A01701248_PHP\mysql\data\ibtmp1' size is now 12 MB.
2020-05-14 20:37:32 0 [Note] InnoDB: 10.4.11 started; log sequence number 1533040; transaction id 1103
2020-05-14 20:37:32 0 [Note] InnoDB: Loading buffer pool(s) from C:\Users\Pepus Perez Flores\Documents\DAW_A01701248\A01701248_PHP\mysql\data\ib_buffer_pool
2020-05-14 20:37:32 0 [Note] InnoDB: Buffer pool(s) load completed at 200514 20:37:32
2020-05-14 20:37:32 0 [Note] Plugin 'FEEDBACK' is disabled.
2020-05-14 20:37:32 0 [Note] Server socket created on IP: '::'.
InnoDB: using atomic writes.
2020-05-14 20:44:56 0 [Note] InnoDB: Mutexes and rw_locks use Windows interlocked functions
2020-05-14 20:44:56 0 [Note] InnoDB: Uses event mutexes
2020-05-14 20:44:56 0 [Note] InnoDB: Compressed tables use zlib 1.2.11
2020-05-14 20:44:56 0 [Note] InnoDB: Number of pools: 1
2020-05-14 20:44:56 0 [Note] InnoDB: Using SSE2 crc32 instructions
2020-05-14 20:44:56 0 [Note] InnoDB: Initializing buffer pool, total size = 16M, instances = 1, chunk size = 16M
2020-05-14 20:44:56 0 [Note] InnoDB: Completed initialization of buffer pool
2020-05-14 20:44:57 0 [Note] InnoDB: Starting crash recovery from checkpoint LSN=1533049
2020-05-14 20:44:57 0 [Note] InnoDB: 128 out of 128 rollback segments are active.
2020-05-14 20:44:57 0 [Note] InnoDB: Removed temporary tablespace data file: "ibtmp1"
2020-05-14 20:44:57 0 [Note] InnoDB: Creating shared tablespace for temporary tables
2020-05-14 20:44:57 0 [Note] InnoDB: Setting file 'C:\Users\Pepus Perez Flores\Documents\DAW_A01701248\A01701248_PHP\mysql\data\ibtmp1' size to 12 MB. Physically writing the file full; Please wait ...
2020-05-14 20:44:57 0 [Note] InnoDB: File 'C:\Users\Pepus Perez Flores\Documents\DAW_A01701248\A01701248_PHP\mysql\data\ibtmp1' size is now 12 MB.
2020-05-14 20:44:57 0 [Note] InnoDB: 10.4.11 started; log sequence number 1533058; transaction id 1103
2020-05-14 20:44:57 0 [Note] InnoDB: Loading buffer pool(s) from C:\Users\Pepus Perez Flores\Documents\DAW_A01701248\A01701248_PHP\mysql\data\ib_buffer_pool
2020-05-14 20:44:57 0 [Note] InnoDB: Buffer pool(s) load completed at 200514 20:44:57
2020-05-14 20:44:57 0 [Note] Plugin 'FEEDBACK' is disabled.
2020-05-14 20:44:57 0 [Note] Server socket created on IP: '::'.
InnoDB: using atomic writes.
2020-05-14 21:19:00 0 [Note] InnoDB: Mutexes and rw_locks use Windows interlocked functions
2020-05-14 21:19:00 0 [Note] InnoDB: Uses event mutexes
2020-05-14 21:19:00 0 [Note] InnoDB: Compressed tables use zlib 1.2.11
2020-05-14 21:19:00 0 [Note] InnoDB: Number of pools: 1
2020-05-14 21:19:00 0 [Note] InnoDB: Using SSE2 crc32 instructions
2020-05-14 21:19:00 0 [Note] InnoDB: Initializing buffer pool, total size = 16M, instances = 1, chunk size = 16M
2020-05-14 21:19:00 0 [Note] InnoDB: Completed initialization of buffer pool
2020-05-14 21:19:00 0 [Note] InnoDB: Starting crash recovery from checkpoint LSN=1533067
2020-05-14 21:19:01 0 [Note] InnoDB: 128 out of 128 rollback segments are active.
2020-05-14 21:19:01 0 [Note] InnoDB: Removed temporary tablespace data file: "ibtmp1"
2020-05-14 21:19:01 0 [Note] InnoDB: Creating shared tablespace for temporary tables
2020-05-14 21:19:01 0 [Note] InnoDB: Setting file 'C:\Users\Pepus Perez Flores\Documents\DAW_A01701248\A01701248_PHP\mysql\data\ibtmp1' size to 12 MB. Physically writing the file full; Please wait ...
2020-05-14 21:19:01 0 [Note] InnoDB: File 'C:\Users\Pepus Perez Flores\Documents\DAW_A01701248\A01701248_PHP\mysql\data\ibtmp1' size is now 12 MB.
2020-05-14 21:19:01 0 [Note] InnoDB: 10.4.11 started; log sequence number 1533076; transaction id 1103
2020-05-14 21:19:01 0 [Note] InnoDB: Loading buffer pool(s) from C:\Users\Pepus Perez Flores\Documents\DAW_A01701248\A01701248_PHP\mysql\data\ib_buffer_pool
2020-05-14 21:19:01 0 [Note] Plugin 'FEEDBACK' is disabled.
2020-05-14 21:19:01 0 [Note] Server socket created on IP: '::'.
InnoDB: using atomic writes.
2020-05-15 13:15:33 0 [Note] InnoDB: Mutexes and rw_locks use Windows interlocked functions
2020-05-15 13:15:33 0 [Note] InnoDB: Uses event mutexes
2020-05-15 13:15:33 0 [Note] InnoDB: Compressed tables use zlib 1.2.11
2020-05-15 13:15:33 0 [Note] InnoDB: Number of pools: 1
2020-05-15 13:15:33 0 [Note] InnoDB: Using SSE2 crc32 instructions
2020-05-15 13:15:33 0 [Note] InnoDB: Initializing buffer pool, total size = 16M, instances = 1, chunk size = 16M
2020-05-15 13:15:33 0 [Note] InnoDB: Completed initialization of buffer pool
2020-05-15 13:15:33 0 [Note] InnoDB: Starting crash recovery from checkpoint LSN=1533085
2020-05-15 13:15:33 0 [Note] InnoDB: 128 out of 128 rollback segments are active.
2020-05-15 13:15:33 0 [Note] InnoDB: Removed temporary tablespace data file: "ibtmp1"
2020-05-15 13:15:33 0 [Note] InnoDB: Creating shared tablespace for temporary tables
2020-05-15 13:15:33 0 [Note] InnoDB: Setting file 'C:\Users\Pepus Perez Flores\Documents\DAW_A01701248\A01701248_PHP\mysql\data\ibtmp1' size to 12 MB. Physically writing the file full; Please wait ...
2020-05-15 13:15:33 0 [Note] InnoDB: File 'C:\Users\Pepus Perez Flores\Documents\DAW_A01701248\A01701248_PHP\mysql\data\ibtmp1' size is now 12 MB.
2020-05-15 13:15:33 0 [Note] InnoDB: 10.4.11 started; log sequence number 1533094; transaction id 1103
2020-05-15 13:15:33 0 [Note] InnoDB: Loading buffer pool(s) from C:\Users\Pepus Perez Flores\Documents\DAW_A01701248\A01701248_PHP\mysql\data\ib_buffer_pool
2020-05-15 13:15:33 0 [Note] InnoDB: Buffer pool(s) load completed at 200515 13:15:33
2020-05-15 13:15:33 0 [Note] Plugin 'FEEDBACK' is disabled.
2020-05-15 13:15:33 0 [Note] Server socket created on IP: '::'.
InnoDB: using atomic writes.
2020-05-25 12:47:53 0 [Note] InnoDB: Mutexes and rw_locks use Windows interlocked functions
2020-05-25 12:47:53 0 [Note] InnoDB: Uses event mutexes
2020-05-25 12:47:53 0 [Note] InnoDB: Compressed tables use zlib 1.2.11
2020-05-25 12:47:53 0 [Note] InnoDB: Number of pools: 1
2020-05-25 12:47:53 0 [Note] InnoDB: Using SSE2 crc32 instructions
2020-05-25 12:47:53 0 [Note] InnoDB: Initializing buffer pool, total size = 16M, instances = 1, chunk size = 16M
2020-05-25 12:47:53 0 [Note] InnoDB: Completed initialization of buffer pool
2020-05-25 12:47:54 0 [Note] InnoDB: Starting crash recovery from checkpoint LSN=1533103
2020-05-25 12:47:54 0 [Note] InnoDB: 128 out of 128 rollback segments are active.
2020-05-25 12:47:54 0 [Note] InnoDB: Removed temporary tablespace data file: "ibtmp1"
2020-05-25 12:47:54 0 [Note] InnoDB: Creating shared tablespace for temporary tables
2020-05-25 12:47:54 0 [Note] InnoDB: Setting file 'C:\Users\Pepus Perez Flores\Documents\DAW_A01701248\A01701248_PHP\mysql\data\ibtmp1' size to 12 MB. Physically writing the file full; Please wait ...
2020-05-25 12:47:54 0 [Note] InnoDB: File 'C:\Users\Pepus Perez Flores\Documents\DAW_A01701248\A01701248_PHP\mysql\data\ibtmp1' size is now 12 MB.
2020-05-25 12:47:54 0 [Note] InnoDB: 10.4.11 started; log sequence number 1533112; transaction id 1103
2020-05-25 12:47:54 0 [Note] InnoDB: Loading buffer pool(s) from C:\Users\Pepus Perez Flores\Documents\DAW_A01701248\A01701248_PHP\mysql\data\ib_buffer_pool
2020-05-25 12:47:54 0 [Note] InnoDB: Buffer pool(s) load completed at 200525 12:47:54
2020-05-25 12:47:54 0 [Note] Plugin 'FEEDBACK' is disabled.
2020-05-25 12:47:54 0 [Note] Server socket created on IP: '::'.
InnoDB: using atomic writes.
2020-05-25 17:09:59 0 [Note] InnoDB: Mutexes and rw_locks use Windows interlocked functions
2020-05-25 17:09:59 0 [Note] InnoDB: Uses event mutexes
2020-05-25 17:09:59 0 [Note] InnoDB: Compressed tables use zlib 1.2.11
2020-05-25 17:09:59 0 [Note] InnoDB: Number of pools: 1
2020-05-25 17:09:59 0 [Note] InnoDB: Using SSE2 crc32 instructions
2020-05-25 17:09:59 0 [Note] InnoDB: Initializing buffer pool, total size = 16M, instances = 1, chunk size = 16M
2020-05-25 17:09:59 0 [Note] InnoDB: Completed initialization of buffer pool
2020-05-25 17:09:59 0 [Note] InnoDB: Starting crash recovery from checkpoint LSN=1533121
2020-05-25 17:09:59 0 [Note] InnoDB: 128 out of 128 rollback segments are active.
2020-05-25 17:09:59 0 [Note] InnoDB: Removed temporary tablespace data file: "ibtmp1"
2020-05-25 17:09:59 0 [Note] InnoDB: Creating shared tablespace for temporary tables
2020-05-25 17:09:59 0 [Note] InnoDB: Setting file 'C:\Users\Pepus Perez Flores\Documents\DAW_A01701248\A01701248_PHP\mysql\data\ibtmp1' size to 12 MB. Physically writing the file full; Please wait ...
2020-05-25 17:09:59 0 [Note] InnoDB: File 'C:\Users\Pepus Perez Flores\Documents\DAW_A01701248\A01701248_PHP\mysql\data\ibtmp1' size is now 12 MB.
2020-05-25 17:09:59 0 [Note] InnoDB: 10.4.11 started; log sequence number 1533130; transaction id 1103
2020-05-25 17:09:59 0 [Note] InnoDB: Loading buffer pool(s) from C:\Users\Pepus Perez Flores\Documents\DAW_A01701248\A01701248_PHP\mysql\data\ib_buffer_pool
2020-05-25 17:09:59 0 [Note] InnoDB: Buffer pool(s) load completed at 200525 17:09:59
2020-05-25 17:09:59 0 [Note] Plugin 'FEEDBACK' is disabled.
2020-05-25 17:09:59 0 [Note] Server socket created on IP: '::'.
InnoDB: using atomic writes.
2020-05-25 22:34:19 0 [Note] InnoDB: Mutexes and rw_locks use Windows interlocked functions
2020-05-25 22:34:19 0 [Note] InnoDB: Uses event mutexes
2020-05-25 22:34:19 0 [Note] InnoDB: Compressed tables use zlib 1.2.11
2020-05-25 22:34:19 0 [Note] InnoDB: Number of pools: 1
2020-05-25 22:34:19 0 [Note] InnoDB: Using SSE2 crc32 instructions
2020-05-25 22:34:19 0 [Note] InnoDB: Initializing buffer pool, total size = 16M, instances = 1, chunk size = 16M
2020-05-25 22:34:19 0 [Note] InnoDB: Completed initialization of buffer pool
2020-05-25 22:34:19 0 [Note] InnoDB: Starting crash recovery from checkpoint LSN=1628989
2020-05-25 22:34:19 0 [Note] InnoDB: 128 out of 128 rollback segments are active.
2020-05-25 22:34:19 0 [Note] InnoDB: Removed temporary tablespace data file: "ibtmp1"
2020-05-25 22:34:19 0 [Note] InnoDB: Creating shared tablespace for temporary tables
2020-05-25 22:34:19 0 [Note] InnoDB: Setting file 'C:\Users\Pepus Perez Flores\Documents\DAW_A01701248\A01701248_PHP\mysql\data\ibtmp1' size to 12 MB. Physically writing the file full; Please wait ...
2020-05-25 22:34:19 0 [Note] InnoDB: File 'C:\Users\Pepus Perez Flores\Documents\DAW_A01701248\A01701248_PHP\mysql\data\ibtmp1' size is now 12 MB.
2020-05-25 22:34:19 0 [Note] InnoDB: 10.4.11 started; log sequence number 1628998; transaction id 1148
2020-05-25 22:34:19 0 [Note] InnoDB: Loading buffer pool(s) from C:\Users\Pepus Perez Flores\Documents\DAW_A01701248\A01701248_PHP\mysql\data\ib_buffer_pool
2020-05-25 22:34:19 0 [Note] InnoDB: Buffer pool(s) load completed at 200525 22:34:19
2020-05-25 22:34:19 0 [Note] Plugin 'FEEDBACK' is disabled.
2020-05-25 22:34:19 0 [Note] Server socket created on IP: '::'.
InnoDB: using atomic writes.
2020-05-26 10:04:52 0 [Note] InnoDB: Mutexes and rw_locks use Windows interlocked functions
2020-05-26 10:04:52 0 [Note] InnoDB: Uses event mutexes
2020-05-26 10:04:52 0 [Note] InnoDB: Compressed tables use zlib 1.2.11
2020-05-26 10:04:52 0 [Note] InnoDB: Number of pools: 1
2020-05-26 10:04:52 0 [Note] InnoDB: Using SSE2 crc32 instructions
2020-05-26 10:04:52 0 [Note] InnoDB: Initializing buffer pool, total size = 16M, instances = 1, chunk size = 16M
2020-05-26 10:04:52 0 [Note] InnoDB: Completed initialization of buffer pool
2020-05-26 10:04:53 0 [Note] InnoDB: Starting crash recovery from checkpoint LSN=1629007
2020-05-26 10:04:53 0 [Note] InnoDB: 128 out of 128 rollback segments are active.
2020-05-26 10:04:53 0 [Note] InnoDB: Removed temporary tablespace data file: "ibtmp1"
2020-05-26 10:04:53 0 [Note] InnoDB: Creating shared tablespace for temporary tables
2020-05-26 10:04:53 0 [Note] InnoDB: Setting file 'C:\Users\Pepus Perez Flores\Documents\DAW_A01701248\A01701248_PHP\mysql\data\ibtmp1' size to 12 MB. Physically writing the file full; Please wait ...
2020-05-26 10:04:53 0 [Note] InnoDB: File 'C:\Users\Pepus Perez Flores\Documents\DAW_A01701248\A01701248_PHP\mysql\data\ibtmp1' size is now 12 MB.
2020-05-26 10:04:53 0 [Note] InnoDB: 10.4.11 started; log sequence number 1629016; transaction id 1148
2020-05-26 10:04:53 0 [Note] InnoDB: Loading buffer pool(s) from C:\Users\Pepus Perez Flores\Documents\DAW_A01701248\A01701248_PHP\mysql\data\ib_buffer_pool
2020-05-26 10:04:53 0 [Note] InnoDB: Buffer pool(s) load completed at 200526 10:04:53
2020-05-26 10:04:53 0 [Note] Plugin 'FEEDBACK' is disabled.
2020-05-26 10:04:53 0 [Note] Server socket created on IP: '::'.
InnoDB: using atomic writes.
2020-05-29 12:08:34 0 [Note] InnoDB: Mutexes and rw_locks use Windows interlocked functions
2020-05-29 12:08:34 0 [Note] InnoDB: Uses event mutexes
2020-05-29 12:08:34 0 [Note] InnoDB: Compressed tables use zlib 1.2.11
2020-05-29 12:08:34 0 [Note] InnoDB: Number of pools: 1
2020-05-29 12:08:34 0 [Note] InnoDB: Using SSE2 crc32 instructions
2020-05-29 12:08:34 0 [Note] InnoDB: Initializing buffer pool, total size = 16M, instances = 1, chunk size = 16M
2020-05-29 12:08:34 0 [Note] InnoDB: Completed initialization of buffer pool
2020-05-29 12:08:34 0 [Note] InnoDB: Starting crash recovery from checkpoint LSN=1629025
2020-05-29 12:08:35 0 [Note] InnoDB: 128 out of 128 rollback segments are active.
2020-05-29 12:08:36 0 [Note] InnoDB: Removed temporary tablespace data file: "ibtmp1"
2020-05-29 12:08:36 0 [Note] InnoDB: Creating shared tablespace for temporary tables
2020-05-29 12:08:36 0 [Note] InnoDB: Setting file 'C:\Users\Pepus Perez Flores\Documents\DAW_A01701248\A01701248_PHP\mysql\data\ibtmp1' size to 12 MB. Physically writing the file full; Please wait ...
2020-05-29 12:08:36 0 [Note] InnoDB: File 'C:\Users\Pepus Perez Flores\Documents\DAW_A01701248\A01701248_PHP\mysql\data\ibtmp1' size is now 12 MB.
2020-05-29 12:08:36 0 [Note] InnoDB: 10.4.11 started; log sequence number 1629034; transaction id 1148
2020-05-29 12:08:36 0 [Note] InnoDB: Loading buffer pool(s) from C:\Users\Pepus Perez Flores\Documents\DAW_A01701248\A01701248_PHP\mysql\data\ib_buffer_pool
2020-05-29 12:08:36 0 [Note] InnoDB: Buffer pool(s) load completed at 200529 12:08:36
2020-05-29 12:08:36 0 [Note] Plugin 'FEEDBACK' is disabled.
2020-05-29 12:08:36 0 [Note] Server socket created on IP: '::'.
InnoDB: using atomic writes.
2020-08-05 15:35:51 0 [Note] InnoDB: Mutexes and rw_locks use Windows interlocked functions
2020-08-05 15:35:51 0 [Note] InnoDB: Uses event mutexes
2020-08-05 15:35:51 0 [Note] InnoDB: Compressed tables use zlib 1.2.11
2020-08-05 15:35:51 0 [Note] InnoDB: Number of pools: 1
2020-08-05 15:35:51 0 [Note] InnoDB: Using SSE2 crc32 instructions
2020-08-05 15:35:51 0 [Note] InnoDB: Initializing buffer pool, total size = 16M, instances = 1, chunk size = 16M
2020-08-05 15:35:51 0 [Note] InnoDB: Completed initialization of buffer pool
2020-08-05 15:35:51 0 [Note] InnoDB: Starting crash recovery from checkpoint LSN=1659465
2020-08-05 15:35:51 0 [Note] InnoDB: 128 out of 128 rollback segments are active.
2020-08-05 15:35:51 0 [Note] InnoDB: Removed temporary tablespace data file: "ibtmp1"
2020-08-05 15:35:51 0 [Note] InnoDB: Creating shared tablespace for temporary tables
2020-08-05 15:35:51 0 [Note] InnoDB: Setting file 'C:\Users\Pepus Perez Flores\Documents\DAW_A01701248\A01701248_PHP\mysql\data\ibtmp1' size to 12 MB. Physically writing the file full; Please wait ...
2020-08-05 15:35:51 0 [Note] InnoDB: File 'C:\Users\Pepus Perez Flores\Documents\DAW_A01701248\A01701248_PHP\mysql\data\ibtmp1' size is now 12 MB.
2020-08-05 15:35:51 0 [Note] InnoDB: 10.4.11 started; log sequence number 1659474; transaction id 1300
2020-08-05 15:35:51 0 [Note] InnoDB: Loading buffer pool(s) from C:\Users\Pepus Perez Flores\Documents\DAW_A01701248\A01701248_PHP\mysql\data\ib_buffer_pool
2020-08-05 15:35:51 0 [Note] InnoDB: Buffer pool(s) load completed at 200805 15:35:51
2020-08-05 15:35:51 0 [Note] Plugin 'FEEDBACK' is disabled.
2020-08-05 15:35:51 0 [Note] Server socket created on IP: '::'.
