::1 - - [26/Apr/2020:23:33:49 -0500] "GET /phpmyadmin/ HTTP/1.1" 200 15267 "-" "Mozilla/5.0 (Windows NT 10.0; Win64; x64; rv:75.0) Gecko/20100101 Firefox/75.0"
::1 - - [26/Apr/2020:23:33:49 -0500] "GET /phpmyadmin/js/vendor/codemirror/lib/codemirror.css?v=5.0.2 HTTP/1.1" 200 8705 "-" "Mozilla/5.0 (Windows NT 10.0; Win64; x64; rv:75.0) Gecko/20100101 Firefox/75.0"
::1 - - [26/Apr/2020:23:33:49 -0500] "GET /phpmyadmin/js/vendor/codemirror/addon/hint/show-hint.css?v=5.0.2 HTTP/1.1" 200 623 "-" "Mozilla/5.0 (Windows NT 10.0; Win64; x64; rv:75.0) Gecko/20100101 Firefox/75.0"
::1 - - [26/Apr/2020:23:33:49 -0500] "GET /phpmyadmin/themes/pmahomme/css/theme.css?v=5.0.2&nocache=6188364140ltr&server=1 HTTP/1.1" 200 100397 "-" "Mozilla/5.0 (Windows NT 10.0; Win64; x64; rv:75.0) Gecko/20100101 Firefox/75.0"
::1 - - [26/Apr/2020:23:33:49 -0500] "GET /phpmyadmin/js/vendor/codemirror/addon/lint/lint.css?v=5.0.2 HTTP/1.1" 200 2999 "-" "Mozilla/5.0 (Windows NT 10.0; Win64; x64; rv:75.0) Gecko/20100101 Firefox/75.0"
::1 - - [26/Apr/2020:23:33:49 -0500] "GET /phpmyadmin/js/vendor/jquery/jquery.min.js?v=5.0.2 HTTP/1.1" 200 88145 "-" "Mozilla/5.0 (Windows NT 10.0; Win64; x64; rv:75.0) Gecko/20100101 Firefox/75.0"
::1 - - [26/Apr/2020:23:33:49 -0500] "GET /phpmyadmin/js/vendor/jquery/jquery-migrate.js?v=5.0.2 HTTP/1.1" 200 19092 "-" "Mozilla/5.0 (Windows NT 10.0; Win64; x64; rv:75.0) Gecko/20100101 Firefox/75.0"
::1 - - [26/Apr/2020:23:33:49 -0500] "GET /phpmyadmin/themes/pmahomme/css/printview.css?v=5.0.2 HTTP/1.1" 200 1455 "-" "Mozilla/5.0 (Windows NT 10.0; Win64; x64; rv:75.0) Gecko/20100101 Firefox/75.0"
::1 - - [26/Apr/2020:23:33:49 -0500] "GET /phpmyadmin/js/vendor/sprintf.js?v=5.0.2 HTTP/1.1" 200 7387 "-" "Mozilla/5.0 (Windows NT 10.0; Win64; x64; rv:75.0) Gecko/20100101 Firefox/75.0"
::1 - - [26/Apr/2020:23:33:49 -0500] "GET /phpmyadmin/js/keyhandler.js?v=5.0.2 HTTP/1.1" 200 3337 "-" "Mozilla/5.0 (Windows NT 10.0; Win64; x64; rv:75.0) Gecko/20100101 Firefox/75.0"
::1 - - [26/Apr/2020:23:33:49 -0500] "GET /phpmyadmin/js/vendor/bootstrap/bootstrap.bundle.min.js?v=5.0.2 HTTP/1.1" 200 78635 "-" "Mozilla/5.0 (Windows NT 10.0; Win64; x64; rv:75.0) Gecko/20100101 Firefox/75.0"
::1 - - [26/Apr/2020:23:33:49 -0500] "GET /phpmyadmin/js/vendor/jquery/jquery-ui.min.js?v=5.0.2 HTTP/1.1" 200 253681 "-" "Mozilla/5.0 (Windows NT 10.0; Win64; x64; rv:75.0) Gecko/20100101 Firefox/75.0"
::1 - - [26/Apr/2020:23:33:49 -0500] "GET /phpmyadmin/js/vendor/jquery/jquery.event.drag-2.2.js?v=5.0.2 HTTP/1.1" 200 12826 "-" "Mozilla/5.0 (Windows NT 10.0; Win64; x64; rv:75.0) Gecko/20100101 Firefox/75.0"
::1 - - [26/Apr/2020:23:33:49 -0500] "GET /phpmyadmin/js/vendor/jquery/jquery.validate.js?v=5.0.2 HTTP/1.1" 200 50690 "-" "Mozilla/5.0 (Windows NT 10.0; Win64; x64; rv:75.0) Gecko/20100101 Firefox/75.0"
::1 - - [26/Apr/2020:23:33:49 -0500] "GET /phpmyadmin/js/vendor/jquery/jquery.ba-hashchange-1.3.js?v=5.0.2 HTTP/1.1" 200 16522 "-" "Mozilla/5.0 (Windows NT 10.0; Win64; x64; rv:75.0) Gecko/20100101 Firefox/75.0"
::1 - - [26/Apr/2020:23:33:49 -0500] "GET /phpmyadmin/js/vendor/jquery/jquery.debounce-1.0.5.js?v=5.0.2 HTTP/1.1" 200 1169 "-" "Mozilla/5.0 (Windows NT 10.0; Win64; x64; rv:75.0) Gecko/20100101 Firefox/75.0"
::1 - - [26/Apr/2020:23:33:49 -0500] "GET /phpmyadmin/js/menu_resizer.js?v=5.0.2 HTTP/1.1" 200 8276 "-" "Mozilla/5.0 (Windows NT 10.0; Win64; x64; rv:75.0) Gecko/20100101 Firefox/75.0"
::1 - - [26/Apr/2020:23:33:49 -0500] "GET /phpmyadmin/js/ajax.js?v=5.0.2 HTTP/1.1" 200 36837 "-" "Mozilla/5.0 (Windows NT 10.0; Win64; x64; rv:75.0) Gecko/20100101 Firefox/75.0"
::1 - - [26/Apr/2020:23:33:49 -0500] "GET /phpmyadmin/js/vendor/js.cookie.js?v=5.0.2 HTTP/1.1" 200 3883 "-" "Mozilla/5.0 (Windows NT 10.0; Win64; x64; rv:75.0) Gecko/20100101 Firefox/75.0"
::1 - - [26/Apr/2020:23:33:49 -0500] "GET /phpmyadmin/js/cross_framing_protection.js?v=5.0.2 HTTP/1.1" 200 465 "-" "Mozilla/5.0 (Windows NT 10.0; Win64; x64; rv:75.0) Gecko/20100101 Firefox/75.0"
::1 - - [26/Apr/2020:23:33:49 -0500] "GET /phpmyadmin/js/rte.js?v=5.0.2 HTTP/1.1" 200 48093 "-" "Mozilla/5.0 (Windows NT 10.0; Win64; x64; rv:75.0) Gecko/20100101 Firefox/75.0"
::1 - - [26/Apr/2020:23:33:49 -0500] "GET /phpmyadmin/js/vendor/tracekit.js?v=5.0.2 HTTP/1.1" 200 45389 "-" "Mozilla/5.0 (Windows NT 10.0; Win64; x64; rv:75.0) Gecko/20100101 Firefox/75.0"
::1 - - [26/Apr/2020:23:33:49 -0500] "GET /phpmyadmin/js/error_report.js?v=5.0.2 HTTP/1.1" 200 10882 "-" "Mozilla/5.0 (Windows NT 10.0; Win64; x64; rv:75.0) Gecko/20100101 Firefox/75.0"
::1 - - [26/Apr/2020:23:33:49 -0500] "GET /phpmyadmin/js/vendor/jquery/jquery.mousewheel.js?v=5.0.2 HTTP/1.1" 200 8267 "-" "Mozilla/5.0 (Windows NT 10.0; Win64; x64; rv:75.0) Gecko/20100101 Firefox/75.0"
::1 - - [26/Apr/2020:23:33:49 -0500] "GET /phpmyadmin/js/vendor/jquery/jquery-ui-timepicker-addon.js?v=5.0.2 HTTP/1.1" 200 78475 "-" "Mozilla/5.0 (Windows NT 10.0; Win64; x64; rv:75.0) Gecko/20100101 Firefox/75.0"
::1 - - [26/Apr/2020:23:33:49 -0500] "GET /phpmyadmin/js/config.js?v=5.0.2 HTTP/1.1" 200 27402 "-" "Mozilla/5.0 (Windows NT 10.0; Win64; x64; rv:75.0) Gecko/20100101 Firefox/75.0"
::1 - - [26/Apr/2020:23:33:49 -0500] "GET /phpmyadmin/js/functions.js?v=5.0.2 HTTP/1.1" 200 177939 "-" "Mozilla/5.0 (Windows NT 10.0; Win64; x64; rv:75.0) Gecko/20100101 Firefox/75.0"
::1 - - [26/Apr/2020:23:33:49 -0500] "GET /phpmyadmin/js/doclinks.js?v=5.0.2 HTTP/1.1" 200 18970 "-" "Mozilla/5.0 (Windows NT 10.0; Win64; x64; rv:75.0) Gecko/20100101 Firefox/75.0"
::1 - - [26/Apr/2020:23:33:49 -0500] "GET /phpmyadmin/js/navigation.js?v=5.0.2 HTTP/1.1" 200 62743 "-" "Mozilla/5.0 (Windows NT 10.0; Win64; x64; rv:75.0) Gecko/20100101 Firefox/75.0"
::1 - - [26/Apr/2020:23:33:49 -0500] "GET /phpmyadmin/js/indexes.js?v=5.0.2 HTTP/1.1" 200 29379 "-" "Mozilla/5.0 (Windows NT 10.0; Win64; x64; rv:75.0) Gecko/20100101 Firefox/75.0"
::1 - - [26/Apr/2020:23:33:49 -0500] "GET /phpmyadmin/js/page_settings.js?v=5.0.2 HTTP/1.1" 200 1746 "-" "Mozilla/5.0 (Windows NT 10.0; Win64; x64; rv:75.0) Gecko/20100101 Firefox/75.0"
::1 - - [26/Apr/2020:23:33:49 -0500] "GET /phpmyadmin/js/shortcuts_handler.js?v=5.0.2 HTTP/1.1" 200 3835 "-" "Mozilla/5.0 (Windows NT 10.0; Win64; x64; rv:75.0) Gecko/20100101 Firefox/75.0"
::1 - - [26/Apr/2020:23:33:49 -0500] "GET /phpmyadmin/js/drag_drop_import.js?v=5.0.2 HTTP/1.1" 200 14528 "-" "Mozilla/5.0 (Windows NT 10.0; Win64; x64; rv:75.0) Gecko/20100101 Firefox/75.0"
::1 - - [26/Apr/2020:23:33:49 -0500] "GET /phpmyadmin/js/common.js?v=5.0.2 HTTP/1.1" 200 4662 "-" "Mozilla/5.0 (Windows NT 10.0; Win64; x64; rv:75.0) Gecko/20100101 Firefox/75.0"
::1 - - [26/Apr/2020:23:33:49 -0500] "GET /phpmyadmin/js/vendor/codemirror/lib/codemirror.js?v=5.0.2 HTTP/1.1" 200 395660 "-" "Mozilla/5.0 (Windows NT 10.0; Win64; x64; rv:75.0) Gecko/20100101 Firefox/75.0"
::1 - - [26/Apr/2020:23:33:49 -0500] "GET /phpmyadmin/js/vendor/codemirror/mode/sql/sql.js?v=5.0.2 HTTP/1.1" 200 47451 "-" "Mozilla/5.0 (Windows NT 10.0; Win64; x64; rv:75.0) Gecko/20100101 Firefox/75.0"
::1 - - [26/Apr/2020:23:33:49 -0500] "GET /phpmyadmin/js/vendor/codemirror/addon/runmode/runmode.js?v=5.0.2 HTTP/1.1" 200 2500 "-" "Mozilla/5.0 (Windows NT 10.0; Win64; x64; rv:75.0) Gecko/20100101 Firefox/75.0"
::1 - - [26/Apr/2020:23:33:49 -0500] "GET /phpmyadmin/js/vendor/codemirror/addon/hint/show-hint.js?v=5.0.2 HTTP/1.1" 200 17378 "-" "Mozilla/5.0 (Windows NT 10.0; Win64; x64; rv:75.0) Gecko/20100101 Firefox/75.0"
::1 - - [26/Apr/2020:23:33:49 -0500] "GET /phpmyadmin/js/vendor/codemirror/addon/hint/sql-hint.js?v=5.0.2 HTTP/1.1" 200 9599 "-" "Mozilla/5.0 (Windows NT 10.0; Win64; x64; rv:75.0) Gecko/20100101 Firefox/75.0"
::1 - - [26/Apr/2020:23:33:49 -0500] "GET /phpmyadmin/js/codemirror/addon/lint/sql-lint.js?v=5.0.2 HTTP/1.1" 200 1156 "-" "Mozilla/5.0 (Windows NT 10.0; Win64; x64; rv:75.0) Gecko/20100101 Firefox/75.0"
::1 - - [26/Apr/2020:23:33:49 -0500] "GET /phpmyadmin/js/vendor/codemirror/addon/lint/lint.js?v=5.0.2 HTTP/1.1" 200 8610 "-" "Mozilla/5.0 (Windows NT 10.0; Win64; x64; rv:75.0) Gecko/20100101 Firefox/75.0"
::1 - - [26/Apr/2020:23:33:49 -0500] "GET /phpmyadmin/js/console.js?v=5.0.2 HTTP/1.1" 200 57024 "-" "Mozilla/5.0 (Windows NT 10.0; Win64; x64; rv:75.0) Gecko/20100101 Firefox/75.0"
::1 - - [26/Apr/2020:23:33:49 -0500] "GET /phpmyadmin/js/whitelist.php?v=5.0.2 HTTP/1.1" 200 478 "-" "Mozilla/5.0 (Windows NT 10.0; Win64; x64; rv:75.0) Gecko/20100101 Firefox/75.0"
::1 - - [26/Apr/2020:23:33:49 -0500] "GET /phpmyadmin/js/messages.php?l=es&v=5.0.2 HTTP/1.1" 200 9942 "-" "Mozilla/5.0 (Windows NT 10.0; Win64; x64; rv:75.0) Gecko/20100101 Firefox/75.0"
::1 - - [26/Apr/2020:23:33:50 -0500] "POST /phpmyadmin/ajax.php HTTP/1.1" 200 1462 "-" "Mozilla/5.0 (Windows NT 10.0; Win64; x64; rv:75.0) Gecko/20100101 Firefox/75.0"
::1 - - [26/Apr/2020:23:33:50 -0500] "POST /phpmyadmin/navigation.php?ajax_request=1 HTTP/1.1" 200 2170 "-" "Mozilla/5.0 (Windows NT 10.0; Win64; x64; rv:75.0) Gecko/20100101 Firefox/75.0"
::1 - - [26/Apr/2020:23:33:51 -0500] "POST /phpmyadmin/ajax.php HTTP/1.1" 200 1558 "-" "Mozilla/5.0 (Windows NT 10.0; Win64; x64; rv:75.0) Gecko/20100101 Firefox/75.0"
::1 - - [26/Apr/2020:23:33:51 -0500] "POST /phpmyadmin/ajax.php HTTP/1.1" 200 1454 "-" "Mozilla/5.0 (Windows NT 10.0; Win64; x64; rv:75.0) Gecko/20100101 Firefox/75.0"
::1 - - [26/Apr/2020:23:33:52 -0500] "POST /phpmyadmin/version_check.php HTTP/1.1" 200 64 "-" "Mozilla/5.0 (Windows NT 10.0; Win64; x64; rv:75.0) Gecko/20100101 Firefox/75.0"
::1 - - [26/Apr/2020:23:33:52 -0500] "POST /phpmyadmin/db_structure.php?ajax_request=1&favorite_table=1&sync_favorite_tables=1 HTTP/1.1" 200 142 "-" "Mozilla/5.0 (Windows NT 10.0; Win64; x64; rv:75.0) Gecko/20100101 Firefox/75.0"
::1 - - [26/Apr/2020:23:33:59 -0500] "GET /phpmyadmin/index.php?ajax_request=true&ajax_page_request=true&_nocache=1587962039248124483&token=497025546a7226256339263327474438 HTTP/1.1" 200 8348 "-" "Mozilla/5.0 (Windows NT 10.0; Win64; x64; rv:75.0) Gecko/20100101 Firefox/75.0"
::1 - - [26/Apr/2020:23:33:59 -0500] "POST /phpmyadmin/version_check.php HTTP/1.1" 200 64 "-" "Mozilla/5.0 (Windows NT 10.0; Win64; x64; rv:75.0) Gecko/20100101 Firefox/75.0"
::1 - - [26/Apr/2020:23:33:59 -0500] "POST /phpmyadmin/db_structure.php?ajax_request=1&favorite_table=1&sync_favorite_tables=1 HTTP/1.1" 200 142 "-" "Mozilla/5.0 (Windows NT 10.0; Win64; x64; rv:75.0) Gecko/20100101 Firefox/75.0"
::1 - - [26/Apr/2020:23:34:04 -0500] "GET /phpmyadmin/index.php?ajax_request=true&ajax_page_request=true&_nocache=1587962044897462101&token=497025546a7226256339263327474438 HTTP/1.1" 200 8348 "-" "Mozilla/5.0 (Windows NT 10.0; Win64; x64; rv:75.0) Gecko/20100101 Firefox/75.0"
::1 - - [26/Apr/2020:23:34:05 -0500] "POST /phpmyadmin/version_check.php HTTP/1.1" 200 64 "-" "Mozilla/5.0 (Windows NT 10.0; Win64; x64; rv:75.0) Gecko/20100101 Firefox/75.0"
::1 - - [26/Apr/2020:23:34:05 -0500] "POST /phpmyadmin/db_structure.php?ajax_request=1&favorite_table=1&sync_favorite_tables=1 HTTP/1.1" 200 142 "-" "Mozilla/5.0 (Windows NT 10.0; Win64; x64; rv:75.0) Gecko/20100101 Firefox/75.0"
::1 - - [26/Apr/2020:23:34:25 -0500] "GET /127.0.0.1/1.php HTTP/1.1" 404 1165 "-" "Mozilla/5.0 (Windows NT 10.0; Win64; x64; rv:75.0) Gecko/20100101 Firefox/75.0"
::1 - - [26/Apr/2020:23:34:25 -0500] "GET /favicon.ico HTTP/1.1" 200 30894 "-" "Mozilla/5.0 (Windows NT 10.0; Win64; x64; rv:75.0) Gecko/20100101 Firefox/75.0"
::1 - - [26/Apr/2020:23:34:31 -0500] "GET / HTTP/1.1" 302 - "http://localhost/127.0.0.1/1.php" "Mozilla/5.0 (Windows NT 10.0; Win64; x64; rv:75.0) Gecko/20100101 Firefox/75.0"
::1 - - [26/Apr/2020:23:34:31 -0500] "GET /dashboard/stylesheets/normalize.css HTTP/1.1" 200 6876 "http://localhost/dashboard/" "Mozilla/5.0 (Windows NT 10.0; Win64; x64; rv:75.0) Gecko/20100101 Firefox/75.0"
::1 - - [26/Apr/2020:23:34:42 -0500] "GET /phpmyadmin/index.php HTTP/1.1" 200 15268 "-" "Mozilla/5.0 (Windows NT 10.0; Win64; x64; rv:75.0) Gecko/20100101 Firefox/75.0"
::1 - - [26/Apr/2020:23:34:42 -0500] "GET /phpmyadmin/themes/pmahomme/css/theme.css?v=5.0.2&nocache=6204661142ltr&server=1 HTTP/1.1" 200 100397 "-" "Mozilla/5.0 (Windows NT 10.0; Win64; x64; rv:75.0) Gecko/20100101 Firefox/75.0"
::1 - - [26/Apr/2020:23:34:42 -0500] "GET /phpmyadmin/favicon.ico HTTP/1.1" 200 22486 "-" "Mozilla/5.0 (Windows NT 10.0; Win64; x64; rv:75.0) Gecko/20100101 Firefox/75.0"
::1 - - [26/Apr/2020:23:34:42 -0500] "POST /phpmyadmin/ajax.php HTTP/1.1" 200 1462 "-" "Mozilla/5.0 (Windows NT 10.0; Win64; x64; rv:75.0) Gecko/20100101 Firefox/75.0"
::1 - - [26/Apr/2020:23:34:42 -0500] "POST /phpmyadmin/navigation.php?ajax_request=1 HTTP/1.1" 200 2170 "-" "Mozilla/5.0 (Windows NT 10.0; Win64; x64; rv:75.0) Gecko/20100101 Firefox/75.0"
::1 - - [26/Apr/2020:23:34:42 -0500] "POST /phpmyadmin/ajax.php HTTP/1.1" 200 1558 "-" "Mozilla/5.0 (Windows NT 10.0; Win64; x64; rv:75.0) Gecko/20100101 Firefox/75.0"
::1 - - [26/Apr/2020:23:34:42 -0500] "POST /phpmyadmin/ajax.php HTTP/1.1" 200 1454 "-" "Mozilla/5.0 (Windows NT 10.0; Win64; x64; rv:75.0) Gecko/20100101 Firefox/75.0"
::1 - - [26/Apr/2020:23:34:42 -0500] "POST /phpmyadmin/version_check.php HTTP/1.1" 200 64 "-" "Mozilla/5.0 (Windows NT 10.0; Win64; x64; rv:75.0) Gecko/20100101 Firefox/75.0"
::1 - - [26/Apr/2020:23:34:42 -0500] "POST /phpmyadmin/db_structure.php?ajax_request=1&favorite_table=1&sync_favorite_tables=1 HTTP/1.1" 200 142 "-" "Mozilla/5.0 (Windows NT 10.0; Win64; x64; rv:75.0) Gecko/20100101 Firefox/75.0"
::1 - - [26/Apr/2020:23:36:25 -0500] "GET /phpmyadmin/index.php HTTP/1.1" 200 15268 "-" "Mozilla/5.0 (Windows NT 10.0; Win64; x64; rv:75.0) Gecko/20100101 Firefox/75.0"
::1 - - [26/Apr/2020:23:36:25 -0500] "GET /phpmyadmin/themes/pmahomme/css/theme.css?v=5.0.2&nocache=6204661193ltr&server=1 HTTP/1.1" 200 100397 "-" "Mozilla/5.0 (Windows NT 10.0; Win64; x64; rv:75.0) Gecko/20100101 Firefox/75.0"
::1 - - [26/Apr/2020:23:36:26 -0500] "GET /phpmyadmin/favicon.ico HTTP/1.1" 200 22486 "-" "Mozilla/5.0 (Windows NT 10.0; Win64; x64; rv:75.0) Gecko/20100101 Firefox/75.0"
::1 - - [26/Apr/2020:23:36:26 -0500] "POST /phpmyadmin/ajax.php HTTP/1.1" 200 1462 "-" "Mozilla/5.0 (Windows NT 10.0; Win64; x64; rv:75.0) Gecko/20100101 Firefox/75.0"
::1 - - [26/Apr/2020:23:36:26 -0500] "POST /phpmyadmin/navigation.php?ajax_request=1 HTTP/1.1" 200 2170 "-" "Mozilla/5.0 (Windows NT 10.0; Win64; x64; rv:75.0) Gecko/20100101 Firefox/75.0"
::1 - - [26/Apr/2020:23:36:26 -0500] "POST /phpmyadmin/ajax.php HTTP/1.1" 200 1558 "-" "Mozilla/5.0 (Windows NT 10.0; Win64; x64; rv:75.0) Gecko/20100101 Firefox/75.0"
::1 - - [26/Apr/2020:23:36:26 -0500] "POST /phpmyadmin/ajax.php HTTP/1.1" 200 1454 "-" "Mozilla/5.0 (Windows NT 10.0; Win64; x64; rv:75.0) Gecko/20100101 Firefox/75.0"
::1 - - [26/Apr/2020:23:36:26 -0500] "POST /phpmyadmin/version_check.php HTTP/1.1" 200 64 "-" "Mozilla/5.0 (Windows NT 10.0; Win64; x64; rv:75.0) Gecko/20100101 Firefox/75.0"
::1 - - [26/Apr/2020:23:36:26 -0500] "POST /phpmyadmin/db_structure.php?ajax_request=1&favorite_table=1&sync_favorite_tables=1 HTTP/1.1" 200 142 "-" "Mozilla/5.0 (Windows NT 10.0; Win64; x64; rv:75.0) Gecko/20100101 Firefox/75.0"
::1 - - [26/Apr/2020:23:36:59 -0500] "GET /1.php HTTP/1.1" 404 1165 "-" "Mozilla/5.0 (Windows NT 10.0; Win64; x64; rv:75.0) Gecko/20100101 Firefox/75.0"
::1 - - [26/Apr/2020:23:37:01 -0500] "GET /phpmyadmin/index.php HTTP/1.1" 200 15268 "-" "Mozilla/5.0 (Windows NT 10.0; Win64; x64; rv:75.0) Gecko/20100101 Firefox/75.0"
::1 - - [26/Apr/2020:23:37:01 -0500] "GET /phpmyadmin/themes/pmahomme/css/theme.css?v=5.0.2&nocache=6204661297ltr&server=1 HTTP/1.1" 200 100397 "-" "Mozilla/5.0 (Windows NT 10.0; Win64; x64; rv:75.0) Gecko/20100101 Firefox/75.0"
::1 - - [26/Apr/2020:23:37:01 -0500] "GET /phpmyadmin/favicon.ico HTTP/1.1" 200 22486 "-" "Mozilla/5.0 (Windows NT 10.0; Win64; x64; rv:75.0) Gecko/20100101 Firefox/75.0"
::1 - - [26/Apr/2020:23:37:01 -0500] "POST /phpmyadmin/ajax.php HTTP/1.1" 200 1462 "-" "Mozilla/5.0 (Windows NT 10.0; Win64; x64; rv:75.0) Gecko/20100101 Firefox/75.0"
::1 - - [26/Apr/2020:23:37:01 -0500] "POST /phpmyadmin/navigation.php?ajax_request=1 HTTP/1.1" 200 2170 "-" "Mozilla/5.0 (Windows NT 10.0; Win64; x64; rv:75.0) Gecko/20100101 Firefox/75.0"
::1 - - [26/Apr/2020:23:37:01 -0500] "POST /phpmyadmin/ajax.php HTTP/1.1" 200 1558 "-" "Mozilla/5.0 (Windows NT 10.0; Win64; x64; rv:75.0) Gecko/20100101 Firefox/75.0"
::1 - - [26/Apr/2020:23:37:01 -0500] "POST /phpmyadmin/ajax.php HTTP/1.1" 200 1454 "-" "Mozilla/5.0 (Windows NT 10.0; Win64; x64; rv:75.0) Gecko/20100101 Firefox/75.0"
::1 - - [26/Apr/2020:23:37:01 -0500] "POST /phpmyadmin/version_check.php HTTP/1.1" 200 64 "-" "Mozilla/5.0 (Windows NT 10.0; Win64; x64; rv:75.0) Gecko/20100101 Firefox/75.0"
::1 - - [26/Apr/2020:23:37:01 -0500] "POST /phpmyadmin/db_structure.php?ajax_request=1&favorite_table=1&sync_favorite_tables=1 HTTP/1.1" 200 142 "-" "Mozilla/5.0 (Windows NT 10.0; Win64; x64; rv:75.0) Gecko/20100101 Firefox/75.0"
::1 - - [26/Apr/2020:23:37:03 -0500] "GET /phpmyadmin/index.php?ajax_request=true&ajax_page_request=true&_nocache=1587962223373767786&token=497025546a7226256339263327474438 HTTP/1.1" 200 8348 "-" "Mozilla/5.0 (Windows NT 10.0; Win64; x64; rv:75.0) Gecko/20100101 Firefox/75.0"
::1 - - [26/Apr/2020:23:37:03 -0500] "POST /phpmyadmin/version_check.php HTTP/1.1" 200 64 "-" "Mozilla/5.0 (Windows NT 10.0; Win64; x64; rv:75.0) Gecko/20100101 Firefox/75.0"
::1 - - [26/Apr/2020:23:37:03 -0500] "POST /phpmyadmin/db_structure.php?ajax_request=1&favorite_table=1&sync_favorite_tables=1 HTTP/1.1" 200 142 "-" "Mozilla/5.0 (Windows NT 10.0; Win64; x64; rv:75.0) Gecko/20100101 Firefox/75.0"
::1 - - [26/Apr/2020:23:37:54 -0500] "GET /Example1/1.php HTTP/1.1" 200 102 "-" "Mozilla/5.0 (Windows NT 10.0; Win64; x64; rv:75.0) Gecko/20100101 Firefox/75.0"
::1 - - [26/Apr/2020:23:37:54 -0500] "GET /favicon.ico HTTP/1.1" 200 30894 "-" "Mozilla/5.0 (Windows NT 10.0; Win64; x64; rv:75.0) Gecko/20100101 Firefox/75.0"
::1 - - [26/Apr/2020:23:58:58 -0500] "GET /Example1/1.php HTTP/1.1" 200 85468 "-" "Mozilla/5.0 (Windows NT 10.0; Win64; x64; rv:75.0) Gecko/20100101 Firefox/75.0"
::1 - - [26/Apr/2020:23:58:58 -0500] "GET /favicon.ico HTTP/1.1" 200 30894 "-" "Mozilla/5.0 (Windows NT 10.0; Win64; x64; rv:75.0) Gecko/20100101 Firefox/75.0"
::1 - - [27/Apr/2020:00:10:16 -0500] "GET /Example1/2.php HTTP/1.1" 404 1165 "-" "Mozilla/5.0 (Windows NT 10.0; Win64; x64; rv:75.0) Gecko/20100101 Firefox/75.0"
::1 - - [27/Apr/2020:00:10:41 -0500] "GET /Example1/2.php HTTP/1.1" 200 164 "-" "Mozilla/5.0 (Windows NT 10.0; Win64; x64; rv:75.0) Gecko/20100101 Firefox/75.0"
